--------------------------------------------------------------------------------
Release 14.7 Trace  (nt64)
Copyright (c) 1995-2013 Xilinx, Inc.  All rights reserved.

D:\Xilinx\14.7\ISE_DS\ISE\bin\nt64\unwrapped\trce.exe -intstyle ise -v 3 -s 2
-n 3 -fastpaths -xml calavera.twx calavera.ncd -o calavera.twr calavera.pcf
-ucf PINES.ucf

Design file:              calavera.ncd
Physical constraint file: calavera.pcf
Device,package,speed:     xc6slx9,csg225,C,-2 (PRODUCTION 1.23 2013-10-13)
Report level:             verbose report

Environment Variable      Effect 
--------------------      ------ 
NONE                      No environment variables were set
--------------------------------------------------------------------------------

INFO:Timing:2698 - No timing constraints found, doing default enumeration.
INFO:Timing:3412 - To improve timing, see the Timing Closure User Guide (UG612).
INFO:Timing:2752 - To get complete path coverage, use the unconstrained paths 
   option. All paths that are not constrained will be reported in the 
   unconstrained paths section(s) of the report.
INFO:Timing:3339 - The clock-to-out numbers in this timing report are based on 
   a 50 Ohm transmission line loading model.  For the details of this model, 
   and for more information on accounting for different loading conditions, 
   please see the device datasheet.



Data Sheet report:
-----------------
All values displayed in nanoseconds (ns)

Setup/Hold to clock clk
------------+------------+------------+------------+------------+------------------+--------+
            |Max Setup to|  Process   |Max Hold to |  Process   |                  | Clock  |
Source      | clk (edge) |   Corner   | clk (edge) |   Corner   |Internal Clock(s) | Phase  |
------------+------------+------------+------------+------------+------------------+--------+
der_in      |    2.784(R)|      SLOW  |   -0.878(R)|      FAST  |clk_BUFGP         |   0.000|
inter_in    |    1.829(R)|      SLOW  |   -0.399(R)|      FAST  |clk_BUFGP         |   0.000|
izq_in      |    2.212(R)|      SLOW  |   -0.677(R)|      FAST  |clk_BUFGP         |   0.000|
reset       |    4.582(R)|      SLOW  |   -0.356(R)|      SLOW  |clk_BUFGP         |   0.000|
rever_in    |    2.875(R)|      SLOW  |   -0.504(R)|      FAST  |clk_BUFGP         |   0.000|
stop_in     |    3.035(R)|      SLOW  |   -0.265(R)|      SLOW  |clk_BUFGP         |   0.000|
------------+------------+------------+------------+------------+------------------+--------+

Clock clk to Pad
------------+-----------------+------------+-----------------+------------+------------------+--------+
            |Max (slowest) clk|  Process   |Min (fastest) clk|  Process   |                  | Clock  |
Destination |  (edge) to PAD  |   Corner   |  (edge) to PAD  |   Corner   |Internal Clock(s) | Phase  |
------------+-----------------+------------+-----------------+------------+------------------+--------+
der_led     |        11.970(R)|      SLOW  |         4.456(R)|      FAST  |clk_BUFGP         |   0.000|
izq_led     |        11.723(R)|      SLOW  |         4.378(R)|      FAST  |clk_BUFGP         |   0.000|
stop_led    |        12.650(R)|      SLOW  |         4.541(R)|      FAST  |clk_BUFGP         |   0.000|
------------+-----------------+------------+-----------------+------------+------------------+--------+

Clock to Setup on destination clock clk
---------------+---------+---------+---------+---------+
               | Src:Rise| Src:Fall| Src:Rise| Src:Fall|
Source Clock   |Dest:Rise|Dest:Rise|Dest:Fall|Dest:Fall|
---------------+---------+---------+---------+---------+
clk            |    3.988|         |         |         |
---------------+---------+---------+---------+---------+


Analysis completed Tue Dec 22 20:03:37 2020 
--------------------------------------------------------------------------------

Trace Settings:
-------------------------
Trace Settings 

Peak Memory Usage: 4572 MB



